[0mGET / [32m200 [0m768.725 ms - 8396[0m
[0mGET /js/home_post_comments.js [33m404 [0m84.218 ms - 163[0m
[0mGET /js/home_posts.js [33m404 [0m68.853 ms - 155[0m
[0mGET /js/toggle_likes.js [33m404 [0m30.390 ms - 157[0m
[0mGET /js/chat_engine.js [33m404 [0m35.710 ms - 156[0m
[0mGET /favicon.ico [33m404 [0m9.148 ms - 150[0m
[0mGET /users/sign-in [32m200 [0m37.544 ms - 2190[0m
[0mGET /users/css/layout.css [33m404 [0m24.076 ms - 159[0m
[0mGET /users/css/header.css [33m404 [0m36.713 ms - 159[0m
[0mGET /users/css/footer.css [33m404 [0m44.932 ms - 159[0m
[0mPOST /users/create-session [36m302 [0m40.534 ms - 72[0m
[0mGET /users/sign-in [36m304 [0m21.210 ms - -[0m
[0mGET /users/css/layout.css [33m404 [0m36.610 ms - 159[0m
[0mGET /users/css/footer.css [33m404 [0m41.703 ms - 159[0m
[0mGET /users/css/header.css [33m404 [0m37.757 ms - 159[0m
[0mPOST /users/create-session [36m302 [0m22.764 ms - 72[0m
[0mGET /users/sign-in [32m200 [0m20.240 ms - 2491[0m
[0mGET /users/css/layout.css [33m404 [0m11.993 ms - 159[0m
[0mGET /users/css/header.css [33m404 [0m15.995 ms - 159[0m
[0mGET /users/css/footer.css [33m404 [0m24.145 ms - 159[0m
[0mGET /users/sign-in [32m200 [0m22.965 ms - 2190[0m
[0mGET /users/css/layout.css [33m404 [0m8.311 ms - 159[0m
[0mGET /users/css/header.css [33m404 [0m12.590 ms - 159[0m
[0mGET /users/css/footer.css [33m404 [0m18.356 ms - 159[0m
[0mGET /users/sign-in [36m304 [0m20.615 ms - -[0m
[0mGET /users/css/layout.css [33m404 [0m12.892 ms - 159[0m
[0mGET /users/css/header.css [33m404 [0m19.947 ms - 159[0m
[0mGET /users/css/footer.css [33m404 [0m13.129 ms - 159[0m
[0mGET /users/sign-in [36m304 [0m22.916 ms - -[0m
[0mGET /users/css/layout.css [33m404 [0m18.904 ms - 159[0m
[0mGET /users/css/header.css [33m404 [0m23.600 ms - 159[0m
[0mGET /users/css/footer.css [33m404 [0m18.722 ms - 159[0m
[0mGET /users/sign-in [36m304 [0m19.944 ms - -[0m
[0mGET /users/css/layout.css [33m404 [0m8.958 ms - 159[0m
[0mGET /users/css/header.css [33m404 [0m14.519 ms - 159[0m
[0mGET /users/css/footer.css [33m404 [0m18.511 ms - 159[0m
[0mGET /users/sign-in [36m304 [0m30.202 ms - -[0m
[0mGET /users/css/layout.css [33m404 [0m9.848 ms - 159[0m
[0mGET /users/css/header.css [33m404 [0m11.731 ms - 159[0m
[0mGET /users/css/footer.css [33m404 [0m16.580 ms - 159[0m
[0mGET / [36m304 [0m122.245 ms - -[0m
[0mGET /css/layout.css [33m404 [0m12.589 ms - 153[0m
[0mGET /js/home_post_comments.js [33m404 [0m10.151 ms - 163[0m
[0mGET /css/header.css [33m404 [0m25.492 ms - 153[0m
[0mGET /js/home_posts.js [33m404 [0m48.722 ms - 155[0m
[0mGET /js/toggle_likes.js [33m404 [0m49.563 ms - 157[0m
[0mGET /css/home.css [33m404 [0m54.992 ms - 151[0m
[0mGET /css/chat_box.css [33m404 [0m46.396 ms - 155[0m
[0mGET /css/footer.css [33m404 [0m79.371 ms - 153[0m
[0mGET /js/chat_engine.js [33m404 [0m52.483 ms - 156[0m
[0mGET /users/sign-in [36m304 [0m19.335 ms - -[0m
[0mGET /users/css/layout.css [33m404 [0m13.375 ms - 159[0m
[0mGET /users/css/header.css [33m404 [0m16.002 ms - 159[0m
[0mGET /users/css/footer.css [33m404 [0m11.434 ms - 159[0m
[0mGET /users/sign-in [36m304 [0m145.191 ms - -[0m
[0mGET /users/css/layout.css [33m404 [0m37.693 ms - 159[0m
[0mGET /users/css/header.css [33m404 [0m56.889 ms - 159[0m
[0mGET /users/css/footer.css [33m404 [0m53.391 ms - 159[0m
[0mGET /users/sign-in [36m304 [0m32.016 ms - -[0m
[0mGET /users/css/layout.css [33m404 [0m11.189 ms - 159[0m
[0mGET /users/css/header.css [33m404 [0m17.676 ms - 159[0m
[0mGET /users/css/footer.css [33m404 [0m17.282 ms - 159[0m
[0mGET /users/sign-in [36m304 [0m27.026 ms - -[0m
[0mGET /users/css/layout.css [33m404 [0m12.785 ms - 159[0m
[0mGET /users/css/header.css [33m404 [0m24.500 ms - 159[0m
[0mGET /users/css/footer.css [33m404 [0m28.048 ms - 159[0m
[0mGET / [36m304 [0m281.142 ms - -[0m
[0mGET /js/home_post_comments.js [33m404 [0m72.420 ms - 163[0m
[0mGET /js/home_posts.js [33m404 [0m30.810 ms - 155[0m
[0mGET /js/toggle_likes.js [33m404 [0m31.627 ms - 157[0m
[0mGET /js/chat_engine.js [33m404 [0m33.054 ms - 156[0m
[0mGET / [32m200 [0m2918.396 ms - 8396[0m
[0mGET /js/home_posts.js [33m404 [0m404.964 ms - 155[0m
[0mGET /js/chat_engine.js [33m404 [0m406.672 ms - 156[0m
[0mGET /js/toggle_likes.js [33m404 [0m442.552 ms - 157[0m
[0mGET /js/home_post_comments.js [33m404 [0m516.876 ms - 163[0m
[0mGET /favicon.ico [33m404 [0m66.672 ms - 150[0m
